11:09:20.699 [TestNG-tests-3] INFO  libraryy.base - LINK TITLE IS:https://courses.rahulshettyacademy.com/p/sdet-qa-automation-interview-kit-java-logic-programs
11:09:20.910 [TestNG-tests-3] INFO  libraryy.base - LINK TITLE IS:SDET/QA Automation Interview Kit + Java Logic Programshttps://courses.rahulshettyacademy.com/p/sdet-qa-automation-interview-kit-java-logic-programs
11:09:21.028 [TestNG-tests-3] INFO  libraryy.base - LINK TITLE IS:null
11:09:21.113 [TestNG-tests-3] INFO  libraryy.base - LINK TITLE IS:null
11:09:21.348 [TestNG-tests-3] INFO  libraryy.base - LINK TITLE IS:70null
11:09:21.487 [TestNG-tests-3] INFO  libraryy.base - LINK TITLE IS:20null
11:09:21.572 [TestNG-tests-3] INFO  libraryy.base - LINK TITLE IS:https://courses.rahulshettyacademy.com/p/learn-sql-in-practical-database-testing-from-scratch
11:09:21.712 [TestNG-tests-3] INFO  libraryy.base - LINK TITLE IS:Learn SQL In Practical + Database Testing From Scratchhttps://courses.rahulshettyacademy.com/p/learn-sql-in-practical-database-testing-from-scratch
11:09:21.766 [TestNG-tests-3] INFO  libraryy.base - LINK TITLE IS:null
11:09:21.886 [TestNG-tests-3] INFO  libraryy.base - LINK TITLE IS:null
11:09:21.966 [TestNG-tests-3] INFO  libraryy.base - LINK TITLE IS:54null
11:09:22.033 [TestNG-tests-3] INFO  libraryy.base - LINK TITLE IS:25null
11:09:22.193 [TestNG-tests-3] INFO  libraryy.base - LINK TITLE IS:https://courses.rahulshettyacademy.com/p/mobile-automation-using-appiumselenium-3
11:09:22.412 [TestNG-tests-3] INFO  libraryy.base - LINK TITLE IS:Appium (Selenium) - Mobile Automation Testing From Scratchhttps://courses.rahulshettyacademy.com/p/mobile-automation-using-appiumselenium-3
11:09:22.577 [TestNG-tests-3] INFO  libraryy.base - LINK TITLE IS:null
11:09:22.673 [TestNG-tests-3] INFO  libraryy.base - LINK TITLE IS:null
11:09:22.926 [TestNG-tests-3] INFO  libraryy.base - LINK TITLE IS:160null
11:09:23.042 [TestNG-tests-3] INFO  libraryy.base - LINK TITLE IS:100null
11:09:23.114 [TestNG-tests-3] INFO  libraryy.base - LINK TITLE IS:https://courses.rahulshettyacademy.com/p/webservices-testing-with-soap-ui
11:09:23.171 [TestNG-tests-3] INFO  libraryy.base - LINK TITLE IS:WebServices/REST API Testing With SoapUIhttps://courses.rahulshettyacademy.com/p/webservices-testing-with-soap-ui
11:09:23.252 [TestNG-tests-3] INFO  libraryy.base - LINK TITLE IS:null
11:09:23.304 [TestNG-tests-3] INFO  libraryy.base - LINK TITLE IS:null
11:09:23.373 [TestNG-tests-3] INFO  libraryy.base - LINK TITLE IS:89null
11:09:23.499 [TestNG-tests-3] INFO  libraryy.base - LINK TITLE IS:35null
11:09:23.578 [TestNG-tests-3] INFO  libraryy.base - LINK TITLE IS:https://courses.rahulshettyacademy.com/p/learn-software-testing-in-practical-become-a-qa-expert
11:09:23.638 [TestNG-tests-3] INFO  libraryy.base - LINK TITLE IS:Master Software Testing+Jira+Agile On Live App-Be A TeamLeadhttps://courses.rahulshettyacademy.com/p/learn-software-testing-in-practical-become-a-qa-expert
11:09:23.693 [TestNG-tests-3] INFO  libraryy.base - LINK TITLE IS:null
11:09:23.769 [TestNG-tests-3] INFO  libraryy.base - LINK TITLE IS:null
11:09:23.839 [TestNG-tests-3] INFO  libraryy.base - LINK TITLE IS:80null
11:09:23.903 [TestNG-tests-3] INFO  libraryy.base - LINK TITLE IS:25null
11:09:24.004 [TestNG-tests-3] INFO  libraryy.base - LINK TITLE IS:https://courses.rahulshettyacademy.com/p/learn-selenium-automation-in-easy-python-language
11:09:24.086 [TestNG-tests-3] INFO  libraryy.base - LINK TITLE IS:Master In Selenium Automation With Simple Python Languagehttps://courses.rahulshettyacademy.com/p/learn-selenium-automation-in-easy-python-language
11:09:24.262 [TestNG-tests-3] INFO  libraryy.base - LINK TITLE IS:null
11:09:24.318 [TestNG-tests-3] INFO  libraryy.base - LINK TITLE IS:null
11:09:24.383 [TestNG-tests-3] INFO  libraryy.base - LINK TITLE IS:80null
11:09:24.446 [TestNG-tests-3] INFO  libraryy.base - LINK TITLE IS:25null
11:09:24.545 [TestNG-tests-3] INFO  libraryy.base - LINK TITLE IS:https://courses.rahulshettyacademy.com/p/rest-api-testing-automation-from-scratch-rest-assured-java
11:09:24.696 [TestNG-tests-3] INFO  libraryy.base - LINK TITLE IS:REST API Testing(Automation) From Scratch-Rest Assured Javahttps://courses.rahulshettyacademy.com/p/rest-api-testing-automation-from-scratch-rest-assured-java
11:09:24.748 [TestNG-tests-3] INFO  libraryy.base - LINK TITLE IS:null
11:09:24.805 [TestNG-tests-3] INFO  libraryy.base - LINK TITLE IS:null
11:09:24.868 [TestNG-tests-3] INFO  libraryy.base - LINK TITLE IS:80null
11:09:24.931 [TestNG-tests-3] INFO  libraryy.base - LINK TITLE IS:25null
11:09:24.988 [TestNG-tests-3] INFO  libraryy.base - LINK TITLE IS:https://courses.rahulshettyacademy.com/p/cypress-modern-automation-testing-from-scratch-framework
11:09:25.052 [TestNG-tests-3] INFO  libraryy.base - LINK TITLE IS:Cypress-Modern Automation Testing From Scratch + Frameworkhttps://courses.rahulshettyacademy.com/p/cypress-modern-automation-testing-from-scratch-framework
11:09:25.181 [TestNG-tests-3] INFO  libraryy.base - LINK TITLE IS:null
11:09:25.237 [TestNG-tests-3] INFO  libraryy.base - LINK TITLE IS:null
11:09:25.364 [TestNG-tests-3] INFO  libraryy.base - LINK TITLE IS:80null
11:09:25.420 [TestNG-tests-3] INFO  libraryy.base - LINK TITLE IS:25null
11:09:25.468 [TestNG-tests-3] INFO  libraryy.base - LINK TITLE IS:VIEW ALL COURSEShttps://courses.rahulshettyacademy.com/courses
11:09:25.515 [TestNG-tests-3] INFO  libraryy.base - LINK TITLE IS:JOIN NOWhttps://courses.rahulshettyacademy.com/sign_up
11:09:25.575 [TestNG-tests-3] INFO  libraryy.base - LINK TITLE IS:RahulShettyAcademyhttps://rahulshettyacademy.com/#
11:09:25.636 [TestNG-tests-3] INFO  libraryy.base - LINK TITLE IS:About Ushttps://rahulshettyacademy.com/#/about-my-mission
11:09:25.693 [TestNG-tests-3] INFO  libraryy.base - LINK TITLE IS:Contact Ushttps://rahulshettyacademy.com/#/contact-us
11:09:25.739 [TestNG-tests-3] INFO  libraryy.base - LINK TITLE IS:Privacy Policyhttps://rahulshettyacademy.com/#/privacy
