00:27:22.973 [TestNG-tests-5] INFO  libraryy.base - LINK TITLE IS:null
00:27:23.047 [TestNG-tests-5] INFO  libraryy.base - LINK TITLE IS:null
00:27:23.242 [TestNG-tests-5] INFO  libraryy.base - LINK TITLE IS:80null
00:27:23.374 [TestNG-tests-5] INFO  libraryy.base - LINK TITLE IS:25null
00:27:23.465 [TestNG-tests-5] INFO  libraryy.base - LINK TITLE IS:https://courses.rahulshettyacademy.com/p/rest-api-testing-automation-from-scratch-rest-assured-java
00:27:23.527 [TestNG-tests-5] INFO  libraryy.base - LINK TITLE IS:REST API Testing(Automation) From Scratch-Rest Assured Javahttps://courses.rahulshettyacademy.com/p/rest-api-testing-automation-from-scratch-rest-assured-java
00:27:23.589 [TestNG-tests-5] INFO  libraryy.base - LINK TITLE IS:null
00:27:23.646 [TestNG-tests-5] INFO  libraryy.base - LINK TITLE IS:null
00:27:23.720 [TestNG-tests-5] INFO  libraryy.base - LINK TITLE IS:80null
00:27:23.843 [TestNG-tests-5] INFO  libraryy.base - LINK TITLE IS:25null
00:27:23.951 [TestNG-tests-5] INFO  libraryy.base - LINK TITLE IS:https://courses.rahulshettyacademy.com/p/cypress-modern-automation-testing-from-scratch-framework
00:27:24.025 [TestNG-tests-5] INFO  libraryy.base - LINK TITLE IS:Cypress-Modern Automation Testing From Scratch + Frameworkhttps://courses.rahulshettyacademy.com/p/cypress-modern-automation-testing-from-scratch-framework
00:27:24.091 [TestNG-tests-5] INFO  libraryy.base - LINK TITLE IS:null
00:27:24.210 [TestNG-tests-5] INFO  libraryy.base - LINK TITLE IS:null
00:27:24.344 [TestNG-tests-5] INFO  libraryy.base - LINK TITLE IS:80null
00:27:24.405 [TestNG-tests-5] INFO  libraryy.base - LINK TITLE IS:25null
00:27:24.481 [TestNG-tests-5] INFO  libraryy.base - LINK TITLE IS:VIEW ALL COURSEShttps://courses.rahulshettyacademy.com/courses
00:27:24.969 [TestNG-tests-5] INFO  libraryy.base - LINK TITLE IS:JOIN NOWhttps://courses.rahulshettyacademy.com/sign_up
00:27:25.068 [TestNG-tests-5] INFO  libraryy.base - LINK TITLE IS:RahulShettyAcademyhttps://rahulshettyacademy.com/#
00:27:25.153 [TestNG-tests-5] INFO  libraryy.base - LINK TITLE IS:About Ushttps://rahulshettyacademy.com/#/about-my-mission
00:27:25.258 [TestNG-tests-5] INFO  libraryy.base - LINK TITLE IS:Contact Ushttps://rahulshettyacademy.com/#/contact-us
00:27:25.354 [TestNG-tests-5] INFO  libraryy.base - LINK TITLE IS:Privacy Policyhttps://rahulshettyacademy.com/#/privacy
00:27:33.368 [TestNG-tests-1] INFO  libraryy.base - i have clicked on login successfully
00:27:33.623 [TestNG-tests-1] INFO  libraryy.base - i have entered username successfully
00:27:33.813 [TestNG-tests-1] INFO  libraryy.base - i have entered password successfully
00:27:37.067 [TestNG-tests-2] INFO  libraryy.base - i have clicked on login successfully
00:27:37.400 [TestNG-tests-2] INFO  libraryy.base - i have entered username successfully
00:27:37.589 [TestNG-tests-2] INFO  libraryy.base - i have entered password successfully
00:27:52.170 [TestNG-tests-1] INFO  libraryy.base - i have clicked on login successfully
00:27:52.363 [TestNG-tests-1] INFO  libraryy.base - i have entered username successfully
00:27:52.560 [TestNG-tests-1] INFO  libraryy.base - i have entered password successfully
00:28:04.879 [TestNG-tests-1] INFO  libraryy.base - i have clicked on login successfully
00:28:05.030 [TestNG-tests-1] INFO  libraryy.base - i have entered username successfully
00:28:05.200 [TestNG-tests-1] INFO  libraryy.base - i have entered password successfully
11:08:48.209 [TestNG-tests-3] INFO  libraryy.base - MENTORSHIP PAGE IS ACCESSED
11:08:57.021 [TestNG-tests-5] INFO  libraryy.base - NAVIGATION BAR IS DISPLAYED
11:08:58.158 [TestNG-tests-1] INFO  libraryy.base - GET first TEXT:Rahul Shetty Academy
11:08:58.158 [TestNG-tests-1] INFO  libraryy.base - i have extracted title of the page successfully
11:08:58.314 [TestNG-tests-4] INFO  libraryy.base - Title page validation
11:09:07.850 [TestNG-tests-3] INFO  libraryy.base - TOTAL OF LINKS:154
11:09:08.918 [TestNG-tests-3] INFO  libraryy.base - LINK TITLE IS:https://www.youtube.com/channel/UCgx5SDcUQWCQ_1CNneQzCRw
11:09:08.965 [TestNG-tests-3] INFO  libraryy.base - LINK TITLE IS:https://linkedin.com/in/rahul-shetty-trainer/
11:09:09.011 [TestNG-tests-3] INFO  libraryy.base - LINK TITLE IS:REGISTERhttps://courses.rahulshettyacademy.com/sign_up
11:09:09.059 [TestNG-tests-3] INFO  libraryy.base - LINK TITLE IS:LOGINhttps://courses.rahulshettyacademy.com/sign_in
11:09:09.097 [TestNG-tests-3] INFO  libraryy.base - LINK TITLE IS:https://rahulshettyacademy.com/#/index
11:09:09.141 [TestNG-tests-3] INFO  libraryy.base - LINK TITLE IS:Homehttps://rahulshettyacademy.com/#/index
11:09:09.182 [TestNG-tests-3] INFO  libraryy.base - LINK TITLE IS:Courseshttps://courses.rahulshettyacademy.com/courses
11:09:09.221 [TestNG-tests-3] INFO  libraryy.base - LINK TITLE IS:Mentorshiphttps://rahulshettyacademy.com/#/mentorship
11:09:09.359 [TestNG-tests-3] INFO  libraryy.base - LINK TITLE IS:Practice Projectshttps://rahulshettyacademy.com/#/practice-project
11:09:09.399 [TestNG-tests-3] INFO  libraryy.base - LINK TITLE IS:Consultinghttps://rahulshettyacademy.com/#/consulting
11:09:09.439 [TestNG-tests-3] INFO  libraryy.base - LINK TITLE IS:Learning Pathhttps://rahulshettyacademy.com/#/learning-path
11:09:09.516 [TestNG-tests-3] INFO  libraryy.base - LINK TITLE IS:Lifetime Accesshttps://rahulshettyacademy.com/#/lifetime-access
11:09:09.568 [TestNG-tests-3] INFO  libraryy.base - LINK TITLE IS:Articleshttps://rahulshettyacademy.com/blog/
11:09:09.615 [TestNG-tests-3] INFO  libraryy.base - LINK TITLE IS:Abouthttps://rahulshettyacademy.com/#
11:09:09.658 [TestNG-tests-3] INFO  libraryy.base - LINK TITLE IS:https://rahulshettyacademy.com/#/about-my-mission
11:09:09.693 [TestNG-tests-3] INFO  libraryy.base - LINK TITLE IS:https://rahulshettyacademy.com/#/part-time-jobs
11:09:09.731 [TestNG-tests-3] INFO  libraryy.base - LINK TITLE IS:https://rahulshettyacademy.com/#/contact-us
11:09:09.765 [TestNG-tests-3] INFO  libraryy.base - LINK TITLE IS:https://rahulshettyacademy.com/#/index
11:09:09.802 [TestNG-tests-3] INFO  libraryy.base - LINK TITLE IS:https://rahulshettyacademy.com/#/index
11:09:09.833 [TestNG-tests-3] INFO  libraryy.base - LINK TITLE IS:https://qaclickacademy.usefedora.com/courses
11:09:09.866 [TestNG-tests-3] INFO  libraryy.base - LINK TITLE IS:https://rahulshettyacademy.com/#/mentorship
11:09:09.907 [TestNG-tests-3] INFO  libraryy.base - LINK TITLE IS:https://rahulshettyacademy.com/#/practice-project
11:09:09.940 [TestNG-tests-3] INFO  libraryy.base - LINK TITLE IS:https://rahulshettyacademy.com/#/consulting
11:09:10.012 [TestNG-tests-3] INFO  libraryy.base - LINK TITLE IS:https://rahulshettyacademy.com/#/learning-path
11:09:10.080 [TestNG-tests-3] INFO  libraryy.base - LINK TITLE IS:https://rahulshettyacademy.com/#/lifetime-access
11:09:10.137 [TestNG-tests-3] INFO  libraryy.base - LINK TITLE IS:http://www.qaclickacademy.com/blog/
11:09:10.199 [TestNG-tests-3] INFO  libraryy.base - LINK TITLE IS:https://rahulshettyacademy.com/#
11:09:10.253 [TestNG-tests-3] INFO  libraryy.base - LINK TITLE IS:https://rahulshettyacademy.com/#/about-my-mission
11:09:10.397 [TestNG-tests-3] INFO  libraryy.base - LINK TITLE IS:https://rahulshettyacademy.com/#/part-time-jobs
11:09:10.449 [TestNG-tests-3] INFO  libraryy.base - LINK TITLE IS:https://rahulshettyacademy.com/#/contact-us
11:09:10.564 [TestNG-tests-3] INFO  libraryy.base - LINK TITLE IS:JOIN NOWhttps://courses.rahulshettyacademy.com/sign_up
11:09:10.629 [TestNG-tests-3] INFO  libraryy.base - LINK TITLE IS:https://rahulshettyacademy.com/#/practice-project
11:09:10.686 [TestNG-tests-3] INFO  libraryy.base - LINK TITLE IS:https://rahulshettyacademy.com/#/practice-project
11:09:10.745 [TestNG-tests-3] INFO  libraryy.base - LINK TITLE IS:https://rahulshettyacademy.com/#/practice-project
11:09:10.861 [TestNG-tests-3] INFO  libraryy.base - LINK TITLE IS:https://rahulshettyacademy.com/#/practice-project
11:09:10.934 [TestNG-tests-3] INFO  libraryy.base - LINK TITLE IS:null
11:09:11.072 [TestNG-tests-3] INFO  libraryy.base - LINK TITLE IS:null
11:09:11.219 [TestNG-tests-3] INFO  libraryy.base - LINK TITLE IS:https://rahulshettyacademy.com/#/consulting
11:09:11.291 [TestNG-tests-3] INFO  libraryy.base - LINK TITLE IS:https://rahulshettyacademy.com/#/consulting
11:09:11.356 [TestNG-tests-3] INFO  libraryy.base - LINK TITLE IS:https://rahulshettyacademy.com/#/consulting
11:09:11.418 [TestNG-tests-3] INFO  libraryy.base - LINK TITLE IS:https://rahulshettyacademy.com/#/consulting
11:09:11.470 [TestNG-tests-3] INFO  libraryy.base - LINK TITLE IS:null
11:09:11.541 [TestNG-tests-3] INFO  libraryy.base - LINK TITLE IS:null
11:09:11.601 [TestNG-tests-3] INFO  libraryy.base - LINK TITLE IS:https://rahulshettyacademy.com/#/part-time-jobs
11:09:11.657 [TestNG-tests-3] INFO  libraryy.base - LINK TITLE IS:https://rahulshettyacademy.com/#/part-time-jobs
11:09:11.720 [TestNG-tests-3] INFO  libraryy.base - LINK TITLE IS:https://rahulshettyacademy.com/#/part-time-jobs
11:09:11.778 [TestNG-tests-3] INFO  libraryy.base - LINK TITLE IS:https://rahulshettyacademy.com/#/part-time-jobs
11:09:12.135 [TestNG-tests-3] INFO  libraryy.base - LINK TITLE IS:null
11:09:12.190 [TestNG-tests-3] INFO  libraryy.base - LINK TITLE IS:null
11:09:12.300 [TestNG-tests-3] INFO  libraryy.base - LINK TITLE IS:https://rahulshettyacademy.com/#/mentorship
11:09:12.381 [TestNG-tests-3] INFO  libraryy.base - LINK TITLE IS:null
11:09:13.107 [TestNG-tests-3] INFO  libraryy.base - LINK TITLE IS:null
11:09:13.374 [TestNG-tests-3] INFO  libraryy.base - LINK TITLE IS:PRACTICE PROJECT
Practice makes perfect. Hone your automation skills on our live practice apps.https://rahulshettyacademy.com/#/practice-project
11:09:13.464 [TestNG-tests-3] INFO  libraryy.base - LINK TITLE IS:PRACTICE PROJECTnull
11:09:14.078 [TestNG-tests-3] INFO  libraryy.base - LINK TITLE IS:null
11:09:14.635 [TestNG-tests-3] INFO  libraryy.base - LINK TITLE IS:CONSULTING
Make a big leap in your Automation project with support from our expert team of test architect and engineers.https://rahulshettyacademy.com/#/consulting
11:09:14.718 [TestNG-tests-3] INFO  libraryy.base - LINK TITLE IS:CONSULTINGnull
11:09:14.869 [TestNG-tests-3] INFO  libraryy.base - LINK TITLE IS:null
11:09:15.116 [TestNG-tests-3] INFO  libraryy.base - LINK TITLE IS:PART-TIME JOBS
Looking for that extra side-income? Head over to Jobs page for latest open positions.https://rahulshettyacademy.com/#/part-time-jobs
11:09:15.229 [TestNG-tests-3] INFO  libraryy.base - LINK TITLE IS:PART-TIME JOBSnull
11:09:15.385 [TestNG-tests-3] INFO  libraryy.base - LINK TITLE IS:null
11:09:15.533 [TestNG-tests-3] INFO  libraryy.base - LINK TITLE IS:https://rahulshettyacademy.com/#/mentorship
11:09:15.709 [TestNG-tests-3] INFO  libraryy.base - LINK TITLE IS:https://rahulshettyacademy.com/#/mentorship
11:09:15.803 [TestNG-tests-3] INFO  libraryy.base - LINK TITLE IS:https://rahulshettyacademy.com/#/mentorship
11:09:15.892 [TestNG-tests-3] INFO  libraryy.base - LINK TITLE IS:https://rahulshettyacademy.com/#/mentorship
11:09:15.975 [TestNG-tests-3] INFO  libraryy.base - LINK TITLE IS:MENTORSHIPnull
11:09:16.094 [TestNG-tests-3] INFO  libraryy.base - LINK TITLE IS:null
11:09:16.179 [TestNG-tests-3] INFO  libraryy.base - LINK TITLE IS:https://rahulshettyacademy.com/#/practice-project
11:09:16.288 [TestNG-tests-3] INFO  libraryy.base - LINK TITLE IS:https://rahulshettyacademy.com/#/practice-project
11:09:16.447 [TestNG-tests-3] INFO  libraryy.base - LINK TITLE IS:https://rahulshettyacademy.com/#/practice-project
11:09:16.681 [TestNG-tests-3] INFO  libraryy.base - LINK TITLE IS:https://rahulshettyacademy.com/#/practice-project
11:09:16.757 [TestNG-tests-3] INFO  libraryy.base - LINK TITLE IS:null
11:09:16.823 [TestNG-tests-3] INFO  libraryy.base - LINK TITLE IS:null
11:09:16.891 [TestNG-tests-3] INFO  libraryy.base - LINK TITLE IS:https://rahulshettyacademy.com/#/consulting
11:09:16.956 [TestNG-tests-3] INFO  libraryy.base - LINK TITLE IS:https://rahulshettyacademy.com/#/consulting
11:09:17.103 [TestNG-tests-3] INFO  libraryy.base - LINK TITLE IS:https://rahulshettyacademy.com/#/consulting
11:09:17.171 [TestNG-tests-3] INFO  libraryy.base - LINK TITLE IS:https://rahulshettyacademy.com/#/consulting
11:09:17.237 [TestNG-tests-3] INFO  libraryy.base - LINK TITLE IS:null
11:09:17.310 [TestNG-tests-3] INFO  libraryy.base - LINK TITLE IS:null
11:09:17.383 [TestNG-tests-3] INFO  libraryy.base - LINK TITLE IS:https://courses.rahulshettyacademy.com/p/core-java-for-automation-testers-interview-programs
11:09:17.501 [TestNG-tests-3] INFO  libraryy.base - LINK TITLE IS:Core Java For Automation Testers + Interview Programshttps://courses.rahulshettyacademy.com/p/core-java-for-automation-testers-interview-programs
11:09:17.589 [TestNG-tests-3] INFO  libraryy.base - LINK TITLE IS:FREEnull
11:09:17.909 [TestNG-tests-3] INFO  libraryy.base - LINK TITLE IS:https://courses.rahulshettyacademy.com/p/selenium-design-patterns-best-practices-for-framework-design
11:09:18.138 [TestNG-tests-3] INFO  libraryy.base - LINK TITLE IS:Selenium Design Patterns/Best Practices For Framework Designhttps://courses.rahulshettyacademy.com/p/selenium-design-patterns-best-practices-for-framework-design
11:09:18.246 [TestNG-tests-3] INFO  libraryy.base - LINK TITLE IS:null
11:09:18.315 [TestNG-tests-3] INFO  libraryy.base - LINK TITLE IS:null
11:09:18.387 [TestNG-tests-3] INFO  libraryy.base - LINK TITLE IS:80null
11:09:18.449 [TestNG-tests-3] INFO  libraryy.base - LINK TITLE IS:25null
11:09:18.601 [TestNG-tests-3] INFO  libraryy.base - LINK TITLE IS:https://courses.rahulshettyacademy.com/p/seleniumwebdriverjavatraining
11:09:18.684 [TestNG-tests-3] INFO  libraryy.base - LINK TITLE IS:Selenium Webdriver With Java Basics + Advanced + Interview Guidehttps://courses.rahulshettyacademy.com/p/seleniumwebdriverjavatraining
11:09:19.343 [TestNG-tests-3] INFO  libraryy.base - LINK TITLE IS:null
11:09:19.589 [TestNG-tests-3] INFO  libraryy.base - LINK TITLE IS:null
11:09:19.663 [TestNG-tests-3] INFO  libraryy.base - LINK TITLE IS:101null
11:09:19.723 [TestNG-tests-3] INFO  libraryy.base - LINK TITLE IS:30null
11:09:19.881 [TestNG-tests-3] INFO  libraryy.base - LINK TITLE IS:https://courses.rahulshettyacademy.com/p/learn-jmeter-from-scratch-performance-load-testing-tool-2015-06-28-08-33-24-0000
11:09:20.062 [TestNG-tests-3] INFO  libraryy.base - LINK TITLE IS:Learn JMETER From Scratch -(Performance + Load) Testing Toolhttps://courses.rahulshettyacademy.com/p/learn-jmeter-from-scratch-performance-load-testing-tool-2015-06-28-08-33-24-0000
11:09:20.116 [TestNG-tests-3] INFO  libraryy.base - LINK TITLE IS:null
11:09:20.165 [TestNG-tests-3] INFO  libraryy.base - LINK TITLE IS:null
11:09:20.240 [TestNG-tests-3] INFO  libraryy.base - LINK TITLE IS:80null
11:09:20.391 [TestNG-tests-3] INFO  libraryy.base - LINK TITLE IS:25null
